<?xml version="1.0" encoding="UTF-8"?>
<testng-results ignored="0" total="1" passed="1" failed="0" skipped="0">
  <reporter-output>
    <line>
      <![CDATA[Browser setup successful]]>
    </line>
    <line>
      <![CDATA[Application Login successful]]>
    </line>
    <line>
      <![CDATA[Application log out successful]]>
    </line>
    <line>
      <![CDATA[Browser Termination successful]]>
    </line>
  </reporter-output>
  <suite started-at="2025-07-28T09:44:28 IST" name="RegressionSuite" finished-at="2025-07-28T09:44:41 IST" duration-ms="12868">
    <groups>
    </groups>
    <test started-at="2025-07-28T09:44:28 IST" name="Test" finished-at="2025-07-28T09:44:41 IST" duration-ms="12868">
      <class name="producttest.Example1Test">
        <test-method is-config="true" signature="browserSetup(java.lang.String)[pri:0, instance:producttest.Example1Test@6babf3bf]" started-at="2025-07-28T09:44:28 IST" name="browserSetup" finished-at="2025-07-28T09:44:33 IST" duration-ms="5316" status="PASS">
          <params>
            <param index="0">
              <value>
                <![CDATA[edge]]>
              </value>
            </param>
          </params>
          <reporter-output>
            <line>
              <![CDATA[Browser setup successful]]>
            </line>
          </reporter-output>
        </test-method> <!-- browserSetup -->
        <test-method is-config="true" signature="login()[pri:0, instance:producttest.Example1Test@6babf3bf]" started-at="2025-07-28T09:44:35 IST" name="login" finished-at="2025-07-28T09:44:35 IST" duration-ms="722" status="PASS">
          <reporter-output>
            <line>
              <![CDATA[Application Login successful]]>
            </line>
          </reporter-output>
        </test-method> <!-- login -->
        <test-method signature="Verify_If_User_Is_Able_To_Order_3_Products(java.lang.String,java.lang.String,java.lang.String)[pri:1, instance:producttest.Example1Test@6babf3bf]" started-at="2025-07-28T09:44:35 IST" name="Verify_If_User_Is_Able_To_Order_3_Products" data-provider="checkOutInfo" finished-at="2025-07-28T09:44:39 IST" duration-ms="3948" status="PASS">
          <params>
            <param index="0">
              <value>
                <![CDATA[Chandler]]>
              </value>
            </param>
            <param index="1">
              <value>
                <![CDATA[Bing]]>
              </value>
            </param>
            <param index="2">
              <value>
                <![CDATA[ 500084]]>
              </value>
            </param>
          </params>
          <reporter-output>
          </reporter-output>
        </test-method> <!-- Verify_If_User_Is_Able_To_Order_3_Products -->
        <test-method is-config="true" signature="logout()[pri:0, instance:producttest.Example1Test@6babf3bf]" started-at="2025-07-28T09:44:39 IST" name="logout" finished-at="2025-07-28T09:44:40 IST" duration-ms="691" status="PASS">
          <reporter-output>
            <line>
              <![CDATA[Application log out successful]]>
            </line>
          </reporter-output>
        </test-method> <!-- logout -->
        <test-method is-config="true" signature="browserterminate()[pri:0, instance:producttest.Example1Test@6babf3bf]" started-at="2025-07-28T09:44:40 IST" name="browserterminate" finished-at="2025-07-28T09:44:41 IST" duration-ms="974" status="PASS">
          <reporter-output>
            <line>
              <![CDATA[Browser Termination successful]]>
            </line>
          </reporter-output>
        </test-method> <!-- browserterminate -->
      </class> <!-- producttest.Example1Test -->
    </test> <!-- Test -->
  </suite> <!-- RegressionSuite -->
</testng-results>
